<?xml version="1.0" encoding="UTF-8"?>
<testsuite xmlns:xsi="http://www.w3.org/2001/XMLSchema-instance" xsi:noNamespaceSchemaLocation="https://maven.apache.org/surefire/maven-surefire-plugin/xsd/surefire-test-report.xsd" version="3.0.1" name="runner.TestRunner" time="0.696" tests="2" errors="0" skipped="0" failures="0">
  <properties>
[...]
</properties>
  <testcase name="runScenario[&quot;Login with different users&quot;, &quot;Login Feature&quot;](2)" classname="runner.TestRunner" time="0.065">
    <system-out><![CDATA[
Scenario Outline: Login with different users         # src/test/java/featurefiles/login.feature:25

Scenario Outline: Login with different users         # src/test/java/featurefiles/login.feature:24
Background
Background
  âœ” Given The user is at bank application login page # stepdefinations.LoginStep.the_user_is_at_bank_application_login_page()
  âœ” Given The user is at bank application login page # stepdefinations.LoginStep.the_user_is_at_bank_application_login_page()
Given
Given
  âœ” Given The user is checking user                  # stepdefinations.LoginStep.the_user_is_checking_user()
  âœ” Given The user is checking user                  # stepdefinations.LoginStep.the_user_is_checking_user()
uname: user2pwd: passwrod2
uname: user1pwd: password1
  âœ” When User provide valid user2 and passwrod2      # stepdefinations.LoginStep.user_provide_valid_user1_and_password1(java.lang.String,java.lang.String)
  âœ” When User provide valid user1 and password1      # stepdefinations.LoginStep.user_provide_valid_user1_and_password1(java.lang.String,java.lang.String)
Then
Then
  âœ” Then User gets login to the page                 # stepdefinations.LoginStep.user_gets_login_to_the_page()
  âœ” Then User gets login to the page                 # stepdefinations.LoginStep.user_gets_login_to_the_page()
]]></system-out>
    <system-err><![CDATA[SLF4J(W): No SLF4J providers were found.
SLF4J(W): Defaulting to no-operation (NOP) logger implementation
SLF4J(W): See https://www.slf4j.org/codes.html#noProviders for further details.
]]></system-err>
  </testcase>
  <testcase name="runScenario[&quot;Login with different users&quot;, &quot;Login Feature&quot;](2)" classname="runner.TestRunner" time="0.067"/>
</testsuite>